<?xml version="1.0" encoding="utf-8"?><testsuites name="pytest tests"><testsuite name="pytest" errors="0" failures="1" skipped="0" tests="5" time="2.091" timestamp="2026-01-16T01:55:28.322690+00:00" hostname="agent-env-5b50cfab-8eaf-4c3c-a76b-dc80c651459b"><testcase classname="tests.test_promo_code.TestPromoCode" name="test_calculate_price_without_promo" time="0.361" /><testcase classname="tests.test_promo_code.TestPromoCode" name="test_calculate_price_with_save40_promo" time="0.380" /><testcase classname="tests.test_promo_code.TestPromoCode" name="test_invalid_promo_code" time="0.299"><failure message="assert 400 == 200&#10; +  where 400 = &lt;Response [400]&gt;.status_code">tests/test_promo_code.py:123: in test_invalid_promo_code
    assert response.status_code == 200
E   assert 400 == 200
E    +  where 400 = &lt;Response [400]&gt;.status_code</failure></testcase><testcase classname="tests.test_promo_code.TestPromoCode" name="test_promo_with_different_services" time="0.518" /><testcase classname="tests.test_promo_code.TestPromoCodePersistence" name="test_multiple_price_calculations_with_promo" time="0.413" /></testsuite></testsuites>