<?xml version="1.0" encoding="utf-8"?><testsuites name="pytest tests"><testsuite name="pytest" errors="0" failures="0" skipped="0" tests="10" time="3.807" timestamp="2026-03-24T21:36:41.621115+00:00" hostname="agent-env-6f1d0d7b-f151-4f15-86b0-01279859562c"><testcase classname="backend.tests.test_iteration23_provider_hiding.TestIteration23ProviderHiding" name="test_providers_status_returns_server_names" time="0.407" /><testcase classname="backend.tests.test_iteration23_provider_hiding.TestIteration23ProviderHiding" name="test_orders_list_only_active_orders" time="0.390" /><testcase classname="backend.tests.test_iteration23_provider_hiding.TestIteration23ProviderHiding" name="test_orders_list_no_provider_field" time="0.389" /><testcase classname="backend.tests.test_iteration23_provider_hiding.TestIteration23ProviderHiding" name="test_orders_list_has_server_name" time="0.374" /><testcase classname="backend.tests.test_iteration23_provider_hiding.TestIteration23PriceFloor" name="test_calculate_price_500_floor_cheap_service" time="0.521" /><testcase classname="backend.tests.test_iteration23_provider_hiding.TestIteration23PriceFloor" name="test_calculate_price_expensive_unchanged" time="0.475" /><testcase classname="backend.tests.test_iteration23_provider_hiding.TestIteration23HealthAndAuth" name="test_health_check" time="0.108" /><testcase classname="backend.tests.test_iteration23_provider_hiding.TestIteration23HealthAndAuth" name="test_login" time="0.327" /><testcase classname="backend.tests.test_iteration23_provider_hiding.TestIteration23CodeVerification" name="test_provider_status_structure" time="0.384" /><testcase classname="backend.tests.test_iteration23_provider_hiding.TestIteration23CodeVerification" name="test_orders_list_structure" time="0.378" /></testsuite></testsuites>