<?xml version="1.0" encoding="utf-8"?><testsuites name="pytest tests"><testsuite name="pytest" errors="0" failures="0" skipped="0" tests="12" time="2.402" timestamp="2026-03-24T11:23:51.431620+00:00" hostname="agent-env-6f1d0d7b-f151-4f15-86b0-01279859562c"><testcase classname="backend.tests.test_p0_fixes_iteration20.TestServerNamesMapping" name="test_list_orders_endpoint_accessible" time="0.886" /><testcase classname="backend.tests.test_p0_fixes_iteration20.TestServerNamesMapping" name="test_server_names_mapping_exists_in_code" time="0.000" /><testcase classname="backend.tests.test_p0_fixes_iteration20.TestTigerSMSPurchaseCondition" name="test_tigersms_services_endpoint" time="0.505" /><testcase classname="backend.tests.test_p0_fixes_iteration20.TestTigerSMSPurchaseCondition" name="test_tigersms_countries_endpoint" time="0.530" /><testcase classname="backend.tests.test_p0_fixes_iteration20.TestProviderStatusAPI" name="test_providers_status_includes_all_providers" time="0.423" /><testcase classname="backend.tests.test_p0_fixes_iteration20.TestCodeReviewVerification" name="test_tigersms_purchase_function_returns_dict" time="0.000" /><testcase classname="backend.tests.test_p0_fixes_iteration20.TestCodeReviewVerification" name="test_tigersms_parsing_uses_dict_get" time="0.000" /><testcase classname="backend.tests.test_p0_fixes_iteration20.TestCodeReviewVerification" name="test_tigersms_condition_uses_success" time="0.000" /><testcase classname="backend.tests.test_p0_fixes_iteration20.TestCodeReviewVerification" name="test_server_names_mapping_includes_new_providers" time="0.000" /><testcase classname="backend.tests.test_p0_fixes_iteration20.TestFrontendCodeReview" name="test_mobile_card_shows_server_name" time="0.000" /><testcase classname="backend.tests.test_p0_fixes_iteration20.TestFrontendCodeReview" name="test_desktop_table_has_server_column" time="0.000" /><testcase classname="backend.tests.test_p0_fixes_iteration20.TestFrontendCodeReview" name="test_bottom_sheet_modal_white_background" time="0.000" /></testsuite></testsuites>