<?xml version="1.0" encoding="utf-8"?><testsuites name="pytest tests"><testsuite name="pytest" errors="0" failures="0" skipped="0" tests="8" time="2.461" timestamp="2026-02-06T09:33:25.624227+00:00" hostname="agent-env-be68f339-fdd0-437b-9ae5-b9a8973d34ff"><testcase classname="backend.tests.test_iteration16_features.TestCaseInsensitiveLogin" name="test_login_with_lowercase_email" time="0.283" /><testcase classname="backend.tests.test_iteration16_features.TestCaseInsensitiveLogin" name="test_login_with_uppercase_email" time="0.262" /><testcase classname="backend.tests.test_iteration16_features.TestCaseInsensitiveLogin" name="test_login_with_mixed_case_email" time="0.303" /><testcase classname="backend.tests.test_iteration16_features.TestKYCSettingsAPI" name="test_get_pricing_config_includes_kyc_settings" time="0.307" /><testcase classname="backend.tests.test_iteration16_features.TestKYCSettingsAPI" name="test_update_kyc_settings" time="0.431" /><testcase classname="backend.tests.test_iteration16_features.TestAdminUserManagement" name="test_get_users_list" time="0.302" /><testcase classname="backend.tests.test_iteration16_features.TestAdminUserManagement" name="test_update_user_admin_status" time="0.462" /><testcase classname="backend.tests.test_iteration16_features.TestHealthCheck" name="test_api_health" time="0.058" /></testsuite></testsuites>