<?xml version="1.0" encoding="utf-8"?><testsuites name="pytest tests"><testsuite name="pytest" errors="0" failures="0" skipped="0" tests="15" time="5.083" timestamp="2026-01-25T18:19:59.867399+00:00" hostname="agent-env-6e411118-bec8-43f5-a988-e9573e3ed6c4"><testcase classname="backend.tests.test_kyc_admin_bank.TestProfileFields" name="test_profile_has_first_last_name" time="0.376" /><testcase classname="backend.tests.test_kyc_admin_bank.TestProfileFields" name="test_profile_has_tier" time="0.307" /><testcase classname="backend.tests.test_kyc_admin_bank.TestProfileFields" name="test_profile_has_address" time="0.304" /><testcase classname="backend.tests.test_kyc_admin_bank.TestProfileFields" name="test_update_profile_first_last_name" time="0.302" /><testcase classname="backend.tests.test_kyc_admin_bank.TestKYCEndpoints" name="test_kyc_tier2_endpoint_exists" time="0.302" /><testcase classname="backend.tests.test_kyc_admin_bank.TestKYCEndpoints" name="test_kyc_tier3_bvn_endpoint_exists" time="0.300" /><testcase classname="backend.tests.test_kyc_admin_bank.TestKYCEndpoints" name="test_kyc_tier3_nin_endpoint_exists" time="0.305" /><testcase classname="backend.tests.test_kyc_admin_bank.TestKYCEndpoints" name="test_upload_selfie_endpoint_exists" time="0.303" /><testcase classname="backend.tests.test_kyc_admin_bank.TestAdminUserManagement" name="test_admin_users_list" time="0.305" /><testcase classname="backend.tests.test_kyc_admin_bank.TestAdminUserManagement" name="test_admin_update_user_tier" time="0.350" /><testcase classname="backend.tests.test_kyc_admin_bank.TestAdminUserManagement" name="test_admin_view_user_kyc_data" time="0.302" /><testcase classname="backend.tests.test_kyc_admin_bank.TestBankTransfer" name="test_banks_list_endpoint" time="0.344" /><testcase classname="backend.tests.test_kyc_admin_bank.TestBankTransfer" name="test_validate_account_endpoint" time="0.570" /><testcase classname="backend.tests.test_kyc_admin_bank.TestBankTransfer" name="test_bank_transfer_endpoint_exists" time="0.344" /><testcase classname="backend.tests.test_kyc_admin_bank.TestKYCFee" name="test_tier2_kyc_fee_deduction" time="0.308" /></testsuite></testsuites>