<?xml version="1.0" encoding="utf-8"?><testsuites name="pytest tests"><testsuite name="pytest" errors="0" failures="0" skipped="0" tests="17" time="2.696" timestamp="2026-01-15T23:14:47.031543+00:00" hostname="agent-env-e439ee48-4c39-4581-8451-0f694a80dcba"><testcase classname="tests.test_iteration4_features.TestAdminAuth" name="test_admin_login" time="0.299" /><testcase classname="tests.test_iteration4_features.TestResellerApiBaseUrl" name="test_public_branding_returns_reseller_api_url" time="0.039" /><testcase classname="tests.test_iteration4_features.TestResellerApiBaseUrl" name="test_admin_can_update_reseller_api_url" time="0.430" /><testcase classname="tests.test_iteration4_features.TestPromoCodeValidation" name="test_promo_validate_endpoint_exists" time="0.296" /><testcase classname="tests.test_iteration4_features.TestPromoCodeValidation" name="test_promo_validate_invalid_code" time="0.038" /><testcase classname="tests.test_iteration4_features.TestPromoCodeValidation" name="test_calculate_price_with_invalid_promo_code" time="0.037" /><testcase classname="tests.test_iteration4_features.TestAdminOtpSales" name="test_otp_orders_endpoint" time="0.342" /><testcase classname="tests.test_iteration4_features.TestAdminOtpSales" name="test_otp_orders_with_status_filter" time="0.196" /><testcase classname="tests.test_iteration4_features.TestAdminOtpSales" name="test_otp_stats_endpoint" time="0.046" /><testcase classname="tests.test_iteration4_features.TestAdminOtpSales" name="test_otp_stats_status_breakdown" time="0.042" /><testcase classname="tests.test_iteration4_features.TestAdminOtpSales" name="test_otp_orders_requires_admin" time="0.038" /><testcase classname="tests.test_iteration4_features.TestAdminOtpSales" name="test_otp_stats_requires_admin" time="0.079" /><testcase classname="tests.test_iteration4_features.TestCalculatePriceEndpoint" name="test_calculate_price_without_country" time="0.337" /><testcase classname="tests.test_iteration4_features.TestCalculatePriceEndpoint" name="test_calculate_price_with_country" time="0.034" /><testcase classname="tests.test_iteration4_features.TestResellerEndpoints" name="test_reseller_profile_endpoint" time="0.297" /><testcase classname="tests.test_iteration4_features.TestResellerEndpoints" name="test_reseller_plans_endpoint" time="0.038" /><testcase classname="tests.test_iteration4_features.TestPublicBranding" name="test_public_branding_fields" time="0.038" /></testsuite></testsuites>