<?xml version="1.0" encoding="utf-8"?><testsuites name="pytest tests"><testsuite name="pytest" errors="0" failures="1" skipped="0" tests="17" time="2.768" timestamp="2026-01-15T23:14:15.196314+00:00" hostname="agent-env-e439ee48-4c39-4581-8451-0f694a80dcba"><testcase classname="tests.test_iteration4_features.TestAdminAuth" name="test_admin_login" time="0.284" /><testcase classname="tests.test_iteration4_features.TestResellerApiBaseUrl" name="test_public_branding_returns_reseller_api_url" time="0.041" /><testcase classname="tests.test_iteration4_features.TestResellerApiBaseUrl" name="test_admin_can_update_reseller_api_url" time="0.466" /><testcase classname="tests.test_iteration4_features.TestPromoCodeValidation" name="test_promo_validate_endpoint_exists" time="0.335" /><testcase classname="tests.test_iteration4_features.TestPromoCodeValidation" name="test_promo_validate_invalid_code" time="0.042" /><testcase classname="tests.test_iteration4_features.TestPromoCodeValidation" name="test_calculate_price_with_promo_code" time="0.039"><failure message="AssertionError: Calculate price failed: {&quot;detail&quot;:&quot;Invalid promo code&quot;}&#10;assert 400 == 200&#10; +  where 400 = &lt;Response [400]&gt;.status_code">tests/test_iteration4_features.py:140: in test_calculate_price_with_promo_code
    assert response.status_code == 200, f"Calculate price failed: {response.text}"
E   AssertionError: Calculate price failed: {"detail":"Invalid promo code"}
E   assert 400 == 200
E    +  where 400 = &lt;Response [400]&gt;.status_code</failure></testcase><testcase classname="tests.test_iteration4_features.TestAdminOtpSales" name="test_otp_orders_endpoint" time="0.298" /><testcase classname="tests.test_iteration4_features.TestAdminOtpSales" name="test_otp_orders_with_status_filter" time="0.230" /><testcase classname="tests.test_iteration4_features.TestAdminOtpSales" name="test_otp_stats_endpoint" time="0.038" /><testcase classname="tests.test_iteration4_features.TestAdminOtpSales" name="test_otp_stats_status_breakdown" time="0.039" /><testcase classname="tests.test_iteration4_features.TestAdminOtpSales" name="test_otp_orders_requires_admin" time="0.075" /><testcase classname="tests.test_iteration4_features.TestAdminOtpSales" name="test_otp_stats_requires_admin" time="0.037" /><testcase classname="tests.test_iteration4_features.TestCalculatePriceEndpoint" name="test_calculate_price_without_country" time="0.304" /><testcase classname="tests.test_iteration4_features.TestCalculatePriceEndpoint" name="test_calculate_price_with_country" time="0.040" /><testcase classname="tests.test_iteration4_features.TestResellerEndpoints" name="test_reseller_profile_endpoint" time="0.293" /><testcase classname="tests.test_iteration4_features.TestResellerEndpoints" name="test_reseller_plans_endpoint" time="0.036" /><testcase classname="tests.test_iteration4_features.TestPublicBranding" name="test_public_branding_fields" time="0.075" /></testsuite></testsuites>