<?xml version="1.0" encoding="utf-8"?><testsuites name="pytest tests"><testsuite name="pytest" errors="0" failures="0" skipped="0" tests="14" time="3.040" timestamp="2026-03-24T11:49:41.279637+00:00" hostname="agent-env-6f1d0d7b-f151-4f15-86b0-01279859562c"><testcase classname="backend.tests.test_iteration21_bug_fixes.TestAuthentication" name="test_login_success" time="0.377" /><testcase classname="backend.tests.test_iteration21_bug_fixes.TestListOrdersEndpoint" name="test_list_orders_returns_server_name" time="0.467" /><testcase classname="backend.tests.test_iteration21_bug_fixes.TestListOrdersEndpoint" name="test_list_orders_projection_includes_provider" time="0.100" /><testcase classname="backend.tests.test_iteration21_bug_fixes.TestServerNameMapping" name="test_server_name_mapping_values" time="0.000" /><testcase classname="backend.tests.test_iteration21_bug_fixes.TestProviderStatusEndpoint" name="test_providers_status_includes_all_providers" time="0.456" /><testcase classname="backend.tests.test_iteration21_bug_fixes.TestSMSBowerServicesEndpoint" name="test_smsbower_services_endpoint" time="1.472" /><testcase classname="backend.tests.test_iteration21_bug_fixes.TestErrorMessageSanitization" name="test_error_messages_no_provider_names" time="0.000" /><testcase classname="backend.tests.test_iteration21_bug_fixes.TestTimerDurations" name="test_timer_duration_values" time="0.000" /><testcase classname="backend.tests.test_iteration21_bug_fixes.TestPhoneNumberFormatting" name="test_format_phone_number_adds_plus_prefix" time="0.000" /><testcase classname="backend.tests.test_iteration21_bug_fixes.TestPhoneNumberFormatting" name="test_format_phone_number_cleans_malformed_data" time="0.000" /><testcase classname="backend.tests.test_iteration21_bug_fixes.TestCountryNameMapping" name="test_country_name_mapping_values" time="0.000" /><testcase classname="backend.tests.test_iteration21_bug_fixes.TestSMSBowerJSONParsing" name="test_smsbower_json_response_format" time="0.000" /><testcase classname="backend.tests.test_iteration21_bug_fixes.TestSMSBowerJSONParsing" name="test_smsbower_legacy_format_still_supported" time="0.000" /><testcase classname="backend.tests.test_iteration21_bug_fixes.TestHealthCheck" name="test_api_health" time="0.099" /></testsuite></testsuites>