<?xml version="1.0" encoding="utf-8"?><testsuites name="pytest tests"><testsuite name="pytest" errors="0" failures="3" skipped="0" tests="11" time="2.774" timestamp="2026-02-02T11:38:43.591825+00:00" hostname="agent-env-5b2e6180-979c-4fb5-b400-4ae90a8a2b92"><testcase classname="tests.test_iteration15_features.TestIteration15Features" name="test_health_endpoint" time="0.092" /><testcase classname="tests.test_iteration15_features.TestIteration15Features" name="test_admin_login" time="0.270" /><testcase classname="tests.test_iteration15_features.TestIteration15Features" name="test_admin_pricing_has_disable_bank_transfer" time="0.278"><failure message="AssertionError: disable_bank_transfer field missing from admin pricing&#10;assert 'disable_bank_transfer' in {'accent_color_hex': '#0ca900', 'banner_images': [], 'bnb_usd_rate': 1420.0, 'brand_logo_url': 'https://finance-center-11.preview.emergentagent.com/api/uploads/branding/logo_fd17fce7.png', ...}">tests/test_iteration15_features.py:78: in test_admin_pricing_has_disable_bank_transfer
    assert "disable_bank_transfer" in data, "disable_bank_transfer field missing from admin pricing"
E   AssertionError: disable_bank_transfer field missing from admin pricing
E   assert 'disable_bank_transfer' in {'accent_color_hex': '#0ca900', 'banner_images': [], 'bnb_usd_rate': 1420.0, 'brand_logo_url': 'https://finance-center-11.preview.emergentagent.com/api/uploads/branding/logo_fd17fce7.png', ...}</failure></testcase><testcase classname="tests.test_iteration15_features.TestIteration15Features" name="test_admin_can_update_disable_bank_transfer" time="0.348" /><testcase classname="tests.test_iteration15_features.TestIteration15Features" name="test_page_toggles_includes_disable_bank_transfer" time="0.273" /><testcase classname="tests.test_iteration15_features.TestIteration15Features" name="test_admin_pricing_has_both_exchange_rates" time="0.309" /><testcase classname="tests.test_iteration15_features.TestIteration15Features" name="test_user_profile_returns_kyc_address" time="0.277" /><testcase classname="tests.test_iteration15_features.TestIteration15Features" name="test_bvn_duplicate_check_endpoint_exists" time="0.270"><failure message="assert 422 == 400&#10; +  where 422 = &lt;Response [422]&gt;.status_code">tests/test_iteration15_features.py:179: in test_bvn_duplicate_check_endpoint_exists
    assert response.status_code == 400
E   assert 422 == 400
E    +  where 422 = &lt;Response [422]&gt;.status_code</failure></testcase><testcase classname="tests.test_iteration15_features.TestIteration15Features" name="test_nin_duplicate_check_endpoint_exists" time="0.267"><failure message="assert 422 == 400&#10; +  where 422 = &lt;Response [422]&gt;.status_code">tests/test_iteration15_features.py:194: in test_nin_duplicate_check_endpoint_exists
    assert response.status_code == 400
E   assert 422 == 400
E    +  where 422 = &lt;Response [422]&gt;.status_code</failure></testcase><testcase classname="tests.test_iteration15_features.TestIteration15Features" name="test_public_branding_endpoint" time="0.039" /><testcase classname="tests.test_iteration15_features.TestIteration15Features" name="test_wallet_exchange_rate_endpoint" time="0.268" /></testsuite></testsuites>