<?xml version="1.0" encoding="utf-8"?><testsuites name="pytest tests"><testsuite name="pytest" errors="0" failures="0" skipped="0" tests="13" time="7.018" timestamp="2026-03-08T15:17:23.564385+00:00" hostname="agent-env-87b42ccd-492b-412c-88fa-3334106010e8"><testcase classname="tests.test_sms_providers_cache.TestHealthAndBasics" name="test_health_check" time="0.157" /><testcase classname="tests.test_sms_providers_cache.TestTigerSMSCachedServices" name="test_tigersms_services_endpoint_exists" time="0.608" /><testcase classname="tests.test_sms_providers_cache.TestTigerSMSCachedServices" name="test_tigersms_services_with_usa_country" time="0.170" /><testcase classname="tests.test_sms_providers_cache.TestTigerSMSCachedServices" name="test_tigersms_countries_endpoint" time="0.146" /><testcase classname="tests.test_sms_providers_cache.TestSMSBowerEndpoints" name="test_smsbower_services_endpoint" time="0.106" /><testcase classname="tests.test_sms_providers_cache.TestSMSBowerEndpoints" name="test_smsbower_countries_endpoint" time="0.099" /><testcase classname="tests.test_sms_providers_cache.TestAdminCacheManagement" name="test_admin_cache_status" time="0.577" /><testcase classname="tests.test_sms_providers_cache.TestAdminCacheManagement" name="test_admin_sync_endpoint_exists" time="1.882" /><testcase classname="tests.test_sms_providers_cache.TestAdminCacheManagement" name="test_admin_sync_specific_provider" time="1.665" /><testcase classname="tests.test_sms_providers_cache.TestProviderStatusEndpoint" name="test_provider_status_returns_all_providers" time="0.125" /><testcase classname="tests.test_sms_providers_cache.TestLegacyServers" name="test_us_server_endpoint" time="0.416" /><testcase classname="tests.test_sms_providers_cache.TestLegacyServers" name="test_server1_endpoint" time="0.394" /><testcase classname="tests.test_sms_providers_cache.TestLegacyServers" name="test_server2_endpoint" time="0.609" /></testsuite></testsuites>