<?xml version="1.0" encoding="utf-8"?><testsuites name="pytest tests"><testsuite name="pytest" errors="15" failures="1" skipped="0" tests="17" time="4.498" timestamp="2026-01-25T19:39:32.931474+00:00" hostname="agent-env-6e411118-bec8-43f5-a988-e9573e3ed6c4"><testcase classname="backend.tests.test_pin_management.TestHealthAndAuth" name="test_health_endpoint" time="0.107" /><testcase classname="backend.tests.test_pin_management.TestHealthAndAuth" name="test_admin_login" time="0.270"><failure message="AssertionError: assert 'access_token' in {'token': 'eyJhbGciOiJIUzI1NiIsInR5cCI6IkpXVCJ9.eyJ1c2VyX2lkIjoiYjg3YzM5NDgtZjJjOS00MjhjLTljNTctZjEwY2Y4YTc1Yjc1IiwiZW1haWwiOiJhZG1pbkBzbXNyZWxheS5jb20iLCJpc19hZG1pbiI6dHJ1ZSwiZXhwIjoxNzY5OTc0NzczfQ.y0tPKTyg2oaAbVnA3lCU5WKSIxOAn6NrWYuIjbhv2Us', 'user': {'email': 'admin@smsrelay.com', 'full_name': 'Nelson ben', 'id': 'b87c3948-f2c9-428c-9c57-f10cf8a75b75', 'is_admin': True, ...}}">backend/tests/test_pin_management.py:42: in test_admin_login
    assert "access_token" in data
E   AssertionError: assert 'access_token' in {'token': 'eyJhbGciOiJIUzI1NiIsInR5cCI6IkpXVCJ9.eyJ1c2VyX2lkIjoiYjg3YzM5NDgtZjJjOS00MjhjLTljNTctZjEwY2Y4YTc1Yjc1IiwiZW1haWwiOiJhZG1pbkBzbXNyZWxheS5jb20iLCJpc19hZG1pbiI6dHJ1ZSwiZXhwIjoxNzY5OTc0NzczfQ.y0tPKTyg2oaAbVnA3lCU5WKSIxOAn6NrWYuIjbhv2Us', 'user': {'email': 'admin@smsrelay.com', 'full_name': 'Nelson ben', 'id': 'b87c3948-f2c9-428c-9c57-f10cf8a75b75', 'is_admin': True, ...}}</failure></testcase><testcase classname="backend.tests.test_pin_management.TestPINManagementEndpoints" name="test_pin_status_endpoint_exists" time="0.265"><error message="failed on setup with &quot;KeyError: 'access_token'&quot;">backend/tests/test_pin_management.py:58: in setup
    self.token = response.json()["access_token"]
                 ^^^^^^^^^^^^^^^^^^^^^^^^^^^^^^^
E   KeyError: 'access_token'</error></testcase><testcase classname="backend.tests.test_pin_management.TestPINManagementEndpoints" name="test_pin_set_endpoint_exists" time="0.264"><error message="failed on setup with &quot;KeyError: 'access_token'&quot;">backend/tests/test_pin_management.py:58: in setup
    self.token = response.json()["access_token"]
                 ^^^^^^^^^^^^^^^^^^^^^^^^^^^^^^^
E   KeyError: 'access_token'</error></testcase><testcase classname="backend.tests.test_pin_management.TestPINManagementEndpoints" name="test_pin_verify_endpoint_exists" time="0.263"><error message="failed on setup with &quot;KeyError: 'access_token'&quot;">backend/tests/test_pin_management.py:58: in setup
    self.token = response.json()["access_token"]
                 ^^^^^^^^^^^^^^^^^^^^^^^^^^^^^^^
E   KeyError: 'access_token'</error></testcase><testcase classname="backend.tests.test_pin_management.TestPINManagementEndpoints" name="test_pin_change_endpoint_exists" time="0.266"><error message="failed on setup with &quot;KeyError: 'access_token'&quot;">backend/tests/test_pin_management.py:58: in setup
    self.token = response.json()["access_token"]
                 ^^^^^^^^^^^^^^^^^^^^^^^^^^^^^^^
E   KeyError: 'access_token'</error></testcase><testcase classname="backend.tests.test_pin_management.TestPINManagementEndpoints" name="test_pin_reset_request_endpoint_exists" time="0.269"><error message="failed on setup with &quot;KeyError: 'access_token'&quot;">backend/tests/test_pin_management.py:58: in setup
    self.token = response.json()["access_token"]
                 ^^^^^^^^^^^^^^^^^^^^^^^^^^^^^^^
E   KeyError: 'access_token'</error></testcase><testcase classname="backend.tests.test_pin_management.TestPINManagementEndpoints" name="test_pin_reset_verify_endpoint_exists" time="0.265"><error message="failed on setup with &quot;KeyError: 'access_token'&quot;">backend/tests/test_pin_management.py:58: in setup
    self.token = response.json()["access_token"]
                 ^^^^^^^^^^^^^^^^^^^^^^^^^^^^^^^
E   KeyError: 'access_token'</error></testcase><testcase classname="backend.tests.test_pin_management.TestPINValidation" name="test_pin_must_be_4_digits" time="0.268"><error message="failed on setup with &quot;KeyError: 'access_token'&quot;">backend/tests/test_pin_management.py:137: in setup
    self.token = response.json()["access_token"]
                 ^^^^^^^^^^^^^^^^^^^^^^^^^^^^^^^
E   KeyError: 'access_token'</error></testcase><testcase classname="backend.tests.test_pin_management.TestPINValidation" name="test_pin_confirm_must_match" time="0.262"><error message="failed on setup with &quot;KeyError: 'access_token'&quot;">backend/tests/test_pin_management.py:137: in setup
    self.token = response.json()["access_token"]
                 ^^^^^^^^^^^^^^^^^^^^^^^^^^^^^^^
E   KeyError: 'access_token'</error></testcase><testcase classname="backend.tests.test_pin_management.TestBankEndpoints" name="test_banks_list_endpoint" time="0.262"><error message="failed on setup with &quot;KeyError: 'access_token'&quot;">backend/tests/test_pin_management.py:182: in setup
    self.token = response.json()["access_token"]
                 ^^^^^^^^^^^^^^^^^^^^^^^^^^^^^^^
E   KeyError: 'access_token'</error></testcase><testcase classname="backend.tests.test_pin_management.TestBankEndpoints" name="test_transfer_fee_endpoint" time="0.257"><error message="failed on setup with &quot;KeyError: 'access_token'&quot;">backend/tests/test_pin_management.py:182: in setup
    self.token = response.json()["access_token"]
                 ^^^^^^^^^^^^^^^^^^^^^^^^^^^^^^^
E   KeyError: 'access_token'</error></testcase><testcase classname="backend.tests.test_pin_management.TestBankEndpoints" name="test_validate_account_endpoint_exists" time="0.267"><error message="failed on setup with &quot;KeyError: 'access_token'&quot;">backend/tests/test_pin_management.py:182: in setup
    self.token = response.json()["access_token"]
                 ^^^^^^^^^^^^^^^^^^^^^^^^^^^^^^^
E   KeyError: 'access_token'</error></testcase><testcase classname="backend.tests.test_pin_management.TestBankEndpoints" name="test_bank_transfer_endpoint_exists" time="0.262"><error message="failed on setup with &quot;KeyError: 'access_token'&quot;">backend/tests/test_pin_management.py:182: in setup
    self.token = response.json()["access_token"]
                 ^^^^^^^^^^^^^^^^^^^^^^^^^^^^^^^
E   KeyError: 'access_token'</error></testcase><testcase classname="backend.tests.test_pin_management.TestProfileHasTransactionPin" name="test_profile_has_transaction_pin_field" time="0.261"><error message="failed on setup with &quot;KeyError: 'access_token'&quot;">backend/tests/test_pin_management.py:249: in setup
    self.token = response.json()["access_token"]
                 ^^^^^^^^^^^^^^^^^^^^^^^^^^^^^^^
E   KeyError: 'access_token'</error></testcase><testcase classname="backend.tests.test_pin_management.TestPINFlowIntegration" name="test_pin_status_matches_profile" time="0.262"><error message="failed on setup with &quot;KeyError: 'access_token'&quot;">backend/tests/test_pin_management.py:273: in setup
    self.token = response.json()["access_token"]
                 ^^^^^^^^^^^^^^^^^^^^^^^^^^^^^^^
E   KeyError: 'access_token'</error></testcase><testcase classname="backend.tests.test_pin_management.TestPINFlowIntegration" name="test_bank_transfer_requires_pin" time="0.260"><error message="failed on setup with &quot;KeyError: 'access_token'&quot;">backend/tests/test_pin_management.py:273: in setup
    self.token = response.json()["access_token"]
                 ^^^^^^^^^^^^^^^^^^^^^^^^^^^^^^^
E   KeyError: 'access_token'</error></testcase></testsuite></testsuites>