<?xml version="1.0" encoding="utf-8"?><testsuites name="pytest tests"><testsuite name="pytest" errors="0" failures="1" skipped="0" tests="14" time="4.969" timestamp="2026-01-24T12:46:45.221081+00:00" hostname="agent-env-d377fa13-9c95-4b1f-a5fd-51f3dd1762f4"><testcase classname="backend.tests.test_new_features.TestHealthAndAuth" name="test_health_check" time="0.078" /><testcase classname="backend.tests.test_new_features.TestHealthAndAuth" name="test_login_success" time="0.269" /><testcase classname="backend.tests.test_new_features.TestWalletTransfer" name="test_validate_recipient_self_error" time="0.308" /><testcase classname="backend.tests.test_new_features.TestWalletTransfer" name="test_validate_recipient_not_found" time="0.307" /><testcase classname="backend.tests.test_new_features.TestWalletTransfer" name="test_recent_transfers_endpoint" time="0.382" /><testcase classname="backend.tests.test_new_features.TestWalletTransfer" name="test_transfer_endpoint_exists" time="0.302" /><testcase classname="backend.tests.test_new_features.TestBillsPayment" name="test_validate_meter_endpoint_exists" time="0.546" /><testcase classname="backend.tests.test_new_features.TestBillsPayment" name="test_buy_electricity_endpoint_exists" time="0.299" /><testcase classname="backend.tests.test_new_features.TestBillsPayment" name="test_tv_plans_endpoint_exists" time="0.484" /><testcase classname="backend.tests.test_new_features.TestBillsPayment" name="test_validate_smartcard_endpoint_exists" time="0.480" /><testcase classname="backend.tests.test_new_features.TestBillsPayment" name="test_pay_tv_endpoint_exists" time="0.298" /><testcase classname="backend.tests.test_new_features.TestDataAndAirtime" name="test_data_plans_endpoint" time="0.541" /><testcase classname="backend.tests.test_new_features.TestDataAndAirtime" name="test_buy_airtime_endpoint_exists" time="0.294"><failure message="assert 404 != 404&#10; +  where 404 = &lt;Response [404]&gt;.status_code">backend/tests/test_new_features.py:244: in test_buy_airtime_endpoint_exists
    assert response.status_code != 404
E   assert 404 != 404
E    +  where 404 = &lt;Response [404]&gt;.status_code</failure></testcase><testcase classname="backend.tests.test_new_features.TestPageToggles" name="test_page_toggles_endpoint" time="0.298" /></testsuite></testsuites>