<?xml version="1.0" encoding="utf-8"?><testsuites name="pytest tests"><testsuite name="pytest" errors="0" failures="1" skipped="0" tests="14" time="1.246" timestamp="2026-03-24T18:57:53.873044+00:00" hostname="agent-env-6f1d0d7b-f151-4f15-86b0-01279859562c"><testcase classname="backend.tests.test_iteration22_api_key_and_price_fixes.TestAPIKeyDecryption" name="test_smsbower_api_key_uses_get_api_key" time="0.003" /><testcase classname="backend.tests.test_iteration22_api_key_and_price_fixes.TestAPIKeyDecryption" name="test_tigersms_api_key_uses_get_api_key" time="0.003" /><testcase classname="backend.tests.test_iteration22_api_key_and_price_fixes.TestMinimumPriceEnforcement" name="test_calculate_price_has_500_minimum" time="0.001" /><testcase classname="backend.tests.test_iteration22_api_key_and_price_fixes.TestMinimumPriceEnforcement" name="test_purchase_endpoint_has_500_minimum" time="0.001" /><testcase classname="backend.tests.test_iteration22_api_key_and_price_fixes.TestFrontendEnforceMinPrice" name="test_enforce_min_price_function_exists" time="0.000" /><testcase classname="backend.tests.test_iteration22_api_key_and_price_fixes.TestFrontendEnforceMinPrice" name="test_enforce_min_price_used_in_service_dropdown" time="0.000" /><testcase classname="backend.tests.test_iteration22_api_key_and_price_fixes.TestFrontendEnforceMinPrice" name="test_enforce_min_price_in_total_cost_display" time="0.000" /><testcase classname="backend.tests.test_iteration22_api_key_and_price_fixes.TestFrontendEnforceMinPrice" name="test_enforce_min_price_in_pool_selection" time="0.000" /><testcase classname="backend.tests.test_iteration22_api_key_and_price_fixes.TestFrontendEnforceMinPrice" name="test_enforce_min_price_in_bottom_sheet_modal" time="0.000" /><testcase classname="backend.tests.test_iteration22_api_key_and_price_fixes.TestTimerDurations" name="test_textverified_timer_is_5_minutes" time="0.001" /><testcase classname="backend.tests.test_iteration22_api_key_and_price_fixes.TestErrorMessageSanitization" name="test_error_messages_no_provider_names" time="0.005"><failure message="AssertionError: Found provider name in error message: ['HTTPException(status_code=400, detail=&quot;SMS Bower', 'HTTPException(status_code=400, detail=&quot;Failed to purchase number from SMS Bower']&#10;assert 2 == 0&#10; +  where 2 = len(['HTTPException(status_code=400, detail=&quot;SMS Bower', 'HTTPException(status_code=400, detail=&quot;Failed to purchase number from SMS Bower'])">backend/tests/test_iteration22_api_key_and_price_fixes.py:203: in test_error_messages_no_provider_names
    assert len(user_facing_matches) == 0, f"Found provider name in error message: {user_facing_matches}"
E   AssertionError: Found provider name in error message: ['HTTPException(status_code=400, detail="SMS Bower', 'HTTPException(status_code=400, detail="Failed to purchase number from SMS Bower']
E   assert 2 == 0
E    +  where 2 = len(['HTTPException(status_code=400, detail="SMS Bower', 'HTTPException(status_code=400, detail="Failed to purchase number from SMS Bower'])</failure></testcase><testcase classname="backend.tests.test_iteration22_api_key_and_price_fixes.TestAPIEndpoints" name="test_health_check" time="0.307" /><testcase classname="backend.tests.test_iteration22_api_key_and_price_fixes.TestAPIEndpoints" name="test_login_works" time="0.389" /><testcase classname="backend.tests.test_iteration22_api_key_and_price_fixes.TestAPIEndpoints" name="test_providers_status_endpoint" time="0.451" /></testsuite></testsuites>