<?xml version="1.0" encoding="utf-8"?><testsuites name="pytest tests"><testsuite name="pytest" errors="0" failures="0" skipped="0" tests="11" time="2.755" timestamp="2026-02-02T11:39:30.703809+00:00" hostname="agent-env-5b2e6180-979c-4fb5-b400-4ae90a8a2b92"><testcase classname="tests.test_iteration15_features.TestIteration15Features" name="test_health_endpoint" time="0.071" /><testcase classname="tests.test_iteration15_features.TestIteration15Features" name="test_admin_login" time="0.268" /><testcase classname="tests.test_iteration15_features.TestIteration15Features" name="test_admin_pricing_has_disable_bank_transfer" time="0.270" /><testcase classname="tests.test_iteration15_features.TestIteration15Features" name="test_admin_can_update_disable_bank_transfer" time="0.354" /><testcase classname="tests.test_iteration15_features.TestIteration15Features" name="test_page_toggles_includes_disable_bank_transfer" time="0.311" /><testcase classname="tests.test_iteration15_features.TestIteration15Features" name="test_admin_pricing_has_both_exchange_rates" time="0.267" /><testcase classname="tests.test_iteration15_features.TestIteration15Features" name="test_user_profile_returns_kyc_address" time="0.271" /><testcase classname="tests.test_iteration15_features.TestIteration15Features" name="test_bvn_duplicate_check_endpoint_exists" time="0.265" /><testcase classname="tests.test_iteration15_features.TestIteration15Features" name="test_nin_duplicate_check_endpoint_exists" time="0.312" /><testcase classname="tests.test_iteration15_features.TestIteration15Features" name="test_public_branding_endpoint" time="0.032" /><testcase classname="tests.test_iteration15_features.TestIteration15Features" name="test_wallet_exchange_rate_endpoint" time="0.274" /></testsuite></testsuites>