<?xml version="1.0" encoding="utf-8"?><testsuites name="pytest tests"><testsuite name="pytest" errors="0" failures="0" skipped="1" tests="27" time="6.802" timestamp="2026-03-24T22:51:34.366503+00:00" hostname="agent-env-c0d308fb-4388-4e10-87b7-9470a3f6db82"><testcase classname="backend.tests.test_iteration24_pricing_promo.TestSetup" name="test_health_check" time="0.203" /><testcase classname="backend.tests.test_iteration24_pricing_promo.TestSetup" name="test_login" time="0.352" /><testcase classname="backend.tests.test_iteration24_pricing_promo.TestCalculatePriceNewProviders" name="test_tigersms_us_500_floor" time="0.509" /><testcase classname="backend.tests.test_iteration24_pricing_promo.TestCalculatePriceNewProviders" name="test_tigersms_global_500_floor" time="0.112" /><testcase classname="backend.tests.test_iteration24_pricing_promo.TestCalculatePriceNewProviders" name="test_smsbower_us_500_floor" time="0.148" /><testcase classname="backend.tests.test_iteration24_pricing_promo.TestCalculatePriceNewProviders" name="test_smsbower_global_500_floor" time="0.127" /><testcase classname="backend.tests.test_iteration24_pricing_promo.TestCalculatePriceNewProviders" name="test_5sim_us_500_floor" time="0.108" /><testcase classname="backend.tests.test_iteration24_pricing_promo.TestCalculatePriceNewProviders" name="test_5sim_global_500_floor" time="0.130"><skipped type="pytest.skip" message="Service not found in cache">/app/backend/tests/test_iteration24_pricing_promo.py:216: Service not found in cache</skipped></testcase><testcase classname="backend.tests.test_iteration24_pricing_promo.TestCalculatePriceNewProviders" name="test_textverified_us_500_floor" time="0.588" /><testcase classname="backend.tests.test_iteration24_pricing_promo.TestCalculatePriceOldServers" name="test_us_server_works" time="0.591" /><testcase classname="backend.tests.test_iteration24_pricing_promo.TestCalculatePriceOldServers" name="test_server1_works" time="0.210" /><testcase classname="backend.tests.test_iteration24_pricing_promo.TestCalculatePriceOldServers" name="test_server2_works" time="0.129" /><testcase classname="backend.tests.test_iteration24_pricing_promo.TestPromoCodeOnNewProviders" name="test_promo_code_on_tigersms_us" time="0.464" /><testcase classname="backend.tests.test_iteration24_pricing_promo.TestPromoCodeOnNewProviders" name="test_promo_code_on_smsbower_global" time="0.116" /><testcase classname="backend.tests.test_iteration24_pricing_promo.TestPromoCodeOnNewProviders" name="test_promo_code_on_5sim_us" time="0.109" /><testcase classname="backend.tests.test_iteration24_pricing_promo.TestPromoCodeOnNewProviders" name="test_promo_code_on_textverified_us" time="0.510" /><testcase classname="backend.tests.test_iteration24_pricing_promo.TestServerMapValidation" name="test_server_name_recognized[tigersms_us]" time="0.457" /><testcase classname="backend.tests.test_iteration24_pricing_promo.TestServerMapValidation" name="test_server_name_recognized[tigersms_global]" time="0.136" /><testcase classname="backend.tests.test_iteration24_pricing_promo.TestServerMapValidation" name="test_server_name_recognized[smsbower_us]" time="0.141" /><testcase classname="backend.tests.test_iteration24_pricing_promo.TestServerMapValidation" name="test_server_name_recognized[smsbower_global]" time="0.124" /><testcase classname="backend.tests.test_iteration24_pricing_promo.TestServerMapValidation" name="test_server_name_recognized[textverified_us]" time="0.521" /><testcase classname="backend.tests.test_iteration24_pricing_promo.TestServerMapValidation" name="test_server_name_recognized[5sim_us]" time="0.130" /><testcase classname="backend.tests.test_iteration24_pricing_promo.TestServerMapValidation" name="test_server_name_recognized[5sim_global]" time="0.124" /><testcase classname="backend.tests.test_iteration24_pricing_promo.TestServerMapValidation" name="test_server_name_recognized[us_server]" time="0.227" /><testcase classname="backend.tests.test_iteration24_pricing_promo.TestServerMapValidation" name="test_server_name_recognized[server1]" time="0.122" /><testcase classname="backend.tests.test_iteration24_pricing_promo.TestServerMapValidation" name="test_server_name_recognized[server2]" time="0.121" /><testcase classname="backend.tests.test_iteration24_pricing_promo.TestServerMapValidation" name="test_invalid_server_rejected" time="0.204" /></testsuite></testsuites>