<?xml version="1.0" encoding="utf-8"?><testsuites name="pytest tests"><testsuite name="pytest" errors="0" failures="0" skipped="0" tests="11" time="5.896" timestamp="2026-03-08T13:49:07.579762+00:00" hostname="agent-env-40380710-5c8e-48f2-90ce-b673e3861d7a"><testcase classname="backend.tests.test_sms_provider_rework.TestProviderStatusAPI" name="test_provider_status_endpoint_exists" time="0.569" /><testcase classname="backend.tests.test_sms_provider_rework.TestProviderStatusAPI" name="test_provider_status_returns_all_providers" time="0.436" /><testcase classname="backend.tests.test_sms_provider_rework.TestProviderStatusAPI" name="test_provider_status_has_new_providers" time="0.431" /><testcase classname="backend.tests.test_sms_provider_rework.TestSMSBowerEndpoint" name="test_smsbower_endpoint_exists" time="0.440" /><testcase classname="backend.tests.test_sms_provider_rework.TestTextVerifiedEndpoint" name="test_textverified_endpoint_exists" time="0.436" /><testcase classname="backend.tests.test_sms_provider_rework.TestTigerSMSEndpoint" name="test_tigersms_endpoint_exists" time="0.606" /><testcase classname="backend.tests.test_sms_provider_rework.TestAdminProviderToggles" name="test_admin_can_get_provider_config" time="0.429" /><testcase classname="backend.tests.test_sms_provider_rework.TestAdminProviderToggles" name="test_admin_pricing_endpoint_works" time="0.442" /><testcase classname="backend.tests.test_sms_provider_rework.TestExistingProvidersStillWork" name="test_smspool_endpoint_still_works" time="0.713" /><testcase classname="backend.tests.test_sms_provider_rework.TestExistingProvidersStillWork" name="test_5sim_endpoint_still_works" time="1.200" /><testcase classname="backend.tests.test_sms_provider_rework.TestHealthCheck" name="test_api_health" time="0.130" /></testsuite></testsuites>