<?xml version="1.0" encoding="utf-8"?><testsuites name="pytest tests"><testsuite name="pytest" errors="0" failures="0" skipped="0" tests="8" time="2.457" timestamp="2026-01-16T01:25:36.088235+00:00" hostname="agent-env-5b50cfab-8eaf-4c3c-a76b-dc80c651459b"><testcase classname="tests.test_iteration6_features.TestPromoCodeSAVE40" name="test_calculate_price_without_promo" time="0.322" /><testcase classname="tests.test_iteration6_features.TestPromoCodeSAVE40" name="test_calculate_price_with_save40_promo" time="0.337" /><testcase classname="tests.test_iteration6_features.TestPromoCodeSAVE40" name="test_promo_code_mapping_in_response" time="0.302" /><testcase classname="tests.test_iteration6_features.TestTransactionsAPI" name="test_transactions_list_returns_data" time="0.303" /><testcase classname="tests.test_iteration6_features.TestTransactionsAPI" name="test_single_transaction_detail" time="0.336" /><testcase classname="tests.test_iteration6_features.TestSMSHistoryAPI" name="test_orders_list_returns_data" time="0.298" /><testcase classname="tests.test_iteration6_features.TestServicesAPI" name="test_daisysms_services_returns_data" time="0.471" /><testcase classname="tests.test_iteration6_features.TestPublicBranding" name="test_public_branding_returns_data" time="0.037" /></testsuite></testsuites>