<?xml version="1.0" encoding="utf-8"?><testsuites name="pytest tests"><testsuite name="pytest" errors="0" failures="0" skipped="0" tests="14" time="3.354" timestamp="2026-01-27T19:01:44.415067+00:00" hostname="agent-env-417964d2-c44b-4556-af02-8436f43e8791"><testcase classname="backend.tests.test_billhub_features.TestHealthAndAuth" name="test_health_endpoint" time="0.076" /><testcase classname="backend.tests.test_billhub_features.TestHealthAndAuth" name="test_admin_login" time="0.270" /><testcase classname="backend.tests.test_billhub_features.TestPublicBranding" name="test_public_branding_endpoint_exists" time="0.043" /><testcase classname="backend.tests.test_billhub_features.TestPublicBranding" name="test_public_branding_returns_all_fields" time="0.043" /><testcase classname="backend.tests.test_billhub_features.TestAdminCardFees" name="test_get_card_fees_endpoint" time="0.308" /><testcase classname="backend.tests.test_billhub_features.TestAdminCardFees" name="test_update_card_min_funding_amount" time="0.461" /><testcase classname="backend.tests.test_billhub_features.TestAdminCardFees" name="test_update_card_fees_rejects_negative" time="0.306" /><testcase classname="backend.tests.test_billhub_features.TestAdminCardFees" name="test_card_fees_requires_admin" time="0.081" /><testcase classname="backend.tests.test_billhub_features.TestVirtualCardsAPI" name="test_cards_endpoint_returns_fees" time="0.343" /><testcase classname="backend.tests.test_billhub_features.TestAdminLogoUpload" name="test_logo_upload_endpoint_exists" time="0.305" /><testcase classname="backend.tests.test_billhub_features.TestAdminLogoUpload" name="test_logo_upload_rejects_invalid_type" time="0.306" /><testcase classname="backend.tests.test_billhub_features.TestAdminLogoUpload" name="test_logo_upload_requires_admin" time="0.041" /><testcase classname="backend.tests.test_billhub_features.TestAdminLogoUpload" name="test_uploaded_logo_accessible" time="0.374" /><testcase classname="backend.tests.test_billhub_features.TestBrandingIntegration" name="test_logo_upload_updates_public_branding" time="0.337" /></testsuite></testsuites>