<?xml version="1.0" encoding="utf-8"?><testsuites name="pytest tests"><testsuite name="pytest" errors="0" failures="1" skipped="0" tests="14" time="2.622" timestamp="2026-01-15T21:37:51.514297+00:00" hostname="agent-env-e439ee48-4c39-4581-8451-0f694a80dcba"><testcase classname="tests.test_bug_fixes.TestAuthAndSetup" name="test_admin_login" time="0.306" /><testcase classname="tests.test_bug_fixes.TestAuthAndSetup" name="test_user_profile" time="0.048" /><testcase classname="tests.test_bug_fixes.TestSMSHistoryFix" name="test_orders_list_endpoint" time="0.327" /><testcase classname="tests.test_bug_fixes.TestSMSHistoryFix" name="test_orders_have_service_field" time="0.058" /><testcase classname="tests.test_bug_fixes.TestResellerPortalFix" name="test_reseller_profile_endpoint" time="0.318" /><testcase classname="tests.test_bug_fixes.TestResellerPortalFix" name="test_reseller_plans_endpoint" time="0.040" /><testcase classname="tests.test_bug_fixes.TestResellerPortalFix" name="test_reseller_orders_endpoint" time="0.046" /><testcase classname="tests.test_bug_fixes.TestAdminBrandingColorsFix" name="test_get_pricing_includes_branding_colors" time="0.358" /><testcase classname="tests.test_bug_fixes.TestAdminBrandingColorsFix" name="test_update_branding_colors" time="0.174" /><testcase classname="tests.test_bug_fixes.TestResellerCancelOrderFix" name="test_reseller_cancel_endpoint_exists" time="0.376" /><testcase classname="tests.test_bug_fixes.TestResellerCancelOrderFix" name="test_reseller_profile_has_revenue_fields" time="0.037" /><testcase classname="tests.test_bug_fixes.TestPublicEndpoints" name="test_public_branding_endpoint" time="0.041" /><testcase classname="tests.test_bug_fixes.TestPublicEndpoints" name="test_public_services_endpoint" time="0.033"><failure message="assert 404 in [200, 401]&#10; +  where 404 = &lt;Response [404]&gt;.status_code">tests/test_bug_fixes.py:287: in test_public_services_endpoint
    assert response.status_code in [200, 401]
E   assert 404 in [200, 401]
E    +  where 404 = &lt;Response [404]&gt;.status_code</failure></testcase><testcase classname="tests.test_bug_fixes.TestAPIDocumentation" name="test_reseller_api_endpoints_documented" time="0.375" /></testsuite></testsuites>