<?xml version="1.0" encoding="utf-8"?><testsuites name="pytest tests"><testsuite name="pytest" errors="0" failures="0" skipped="0" tests="17" time="6.587" timestamp="2026-01-25T19:40:20.954808+00:00" hostname="agent-env-6e411118-bec8-43f5-a988-e9573e3ed6c4"><testcase classname="backend.tests.test_pin_management.TestHealthAndAuth" name="test_health_endpoint" time="0.063" /><testcase classname="backend.tests.test_pin_management.TestHealthAndAuth" name="test_admin_login" time="0.269" /><testcase classname="backend.tests.test_pin_management.TestPINManagementEndpoints" name="test_pin_status_endpoint_exists" time="0.305" /><testcase classname="backend.tests.test_pin_management.TestPINManagementEndpoints" name="test_pin_set_endpoint_exists" time="0.303" /><testcase classname="backend.tests.test_pin_management.TestPINManagementEndpoints" name="test_pin_verify_endpoint_exists" time="0.521" /><testcase classname="backend.tests.test_pin_management.TestPINManagementEndpoints" name="test_pin_change_endpoint_exists" time="0.532" /><testcase classname="backend.tests.test_pin_management.TestPINManagementEndpoints" name="test_pin_reset_request_endpoint_exists" time="0.341" /><testcase classname="backend.tests.test_pin_management.TestPINManagementEndpoints" name="test_pin_reset_verify_endpoint_exists" time="0.304" /><testcase classname="backend.tests.test_pin_management.TestPINValidation" name="test_pin_must_be_4_digits" time="0.297" /><testcase classname="backend.tests.test_pin_management.TestPINValidation" name="test_pin_confirm_must_match" time="0.302" /><testcase classname="backend.tests.test_pin_management.TestBankEndpoints" name="test_banks_list_endpoint" time="0.510" /><testcase classname="backend.tests.test_pin_management.TestBankEndpoints" name="test_transfer_fee_endpoint" time="0.773" /><testcase classname="backend.tests.test_pin_management.TestBankEndpoints" name="test_validate_account_endpoint_exists" time="0.488" /><testcase classname="backend.tests.test_pin_management.TestBankEndpoints" name="test_bank_transfer_endpoint_exists" time="0.547" /><testcase classname="backend.tests.test_pin_management.TestProfileHasTransactionPin" name="test_profile_has_transaction_pin_field" time="0.305" /><testcase classname="backend.tests.test_pin_management.TestPINFlowIntegration" name="test_pin_status_matches_profile" time="0.348" /><testcase classname="backend.tests.test_pin_management.TestPINFlowIntegration" name="test_bank_transfer_requires_pin" time="0.299" /></testsuite></testsuites>