<?xml version="1.0" encoding="utf-8"?><testsuites name="pytest tests"><testsuite name="pytest" errors="0" failures="0" skipped="0" tests="8" time="2.125" timestamp="2026-02-02T11:11:39.125876+00:00" hostname="agent-env-5b2e6180-979c-4fb5-b400-4ae90a8a2b92"><testcase classname="backend.tests.test_iteration14_features.TestHealthAndAuth" name="test_health_endpoint" time="0.082" /><testcase classname="backend.tests.test_iteration14_features.TestHealthAndAuth" name="test_admin_login" time="0.260" /><testcase classname="backend.tests.test_iteration14_features.TestExchangeRateEndpoint" name="test_exchange_rate_returns_both_rates" time="0.302" /><testcase classname="backend.tests.test_iteration14_features.TestNgnToUsdConversion" name="test_convert_ngn_to_usd_endpoint_exists" time="0.306" /><testcase classname="backend.tests.test_iteration14_features.TestDisableAllBillsToggle" name="test_page_toggles_includes_disable_all_bills" time="0.299" /><testcase classname="backend.tests.test_iteration14_features.TestDisableAllBillsToggle" name="test_admin_can_update_disable_all_bills" time="0.410" /><testcase classname="backend.tests.test_iteration14_features.TestPublicBranding" name="test_public_branding_returns_logo_url" time="0.077" /><testcase classname="backend.tests.test_iteration14_features.TestUserProfile" name="test_profile_returns_balances" time="0.336" /></testsuite></testsuites>