<?xml version="1.0" encoding="utf-8"?><testsuites name="pytest tests"><testsuite name="pytest" errors="0" failures="0" skipped="0" tests="13" time="2.839" timestamp="2026-01-16T00:38:28.279475+00:00" hostname="agent-env-5b50cfab-8eaf-4c3c-a76b-dc80c651459b"><testcase classname="tests.test_iteration5_features.TestAdminLogin" name="test_admin_login_success" time="0.292" /><testcase classname="tests.test_iteration5_features.TestAdminVirtualAccounts" name="test_virtual_accounts_endpoint_returns_data" time="0.309" /><testcase classname="tests.test_iteration5_features.TestAdminVirtualAccounts" name="test_virtual_accounts_requires_admin" time="0.048" /><testcase classname="tests.test_iteration5_features.TestAdminStats" name="test_admin_stats_returns_total_orders" time="0.315" /><testcase classname="tests.test_iteration5_features.TestAdminStats" name="test_admin_stats_has_all_required_fields" time="0.348" /><testcase classname="tests.test_iteration5_features.TestResellerAPIEndpoints" name="test_reseller_servers_requires_api_key" time="0.038" /><testcase classname="tests.test_iteration5_features.TestResellerAPIEndpoints" name="test_reseller_countries_requires_server_param" time="0.041" /><testcase classname="tests.test_iteration5_features.TestResellerAPIEndpoints" name="test_reseller_services_requires_server_param" time="0.078" /><testcase classname="tests.test_iteration5_features.TestResellerAPIEndpoints" name="test_reseller_profile_endpoint" time="0.341" /><testcase classname="tests.test_iteration5_features.TestResellerAPIEndpoints" name="test_reseller_plans_endpoint" time="0.306" /><testcase classname="tests.test_iteration5_features.TestUserDashboard" name="test_user_login_and_profile" time="0.299" /><testcase classname="tests.test_iteration5_features.TestUserDashboard" name="test_user_orders_list" time="0.307" /><testcase classname="tests.test_iteration5_features.TestPublicEndpoints" name="test_public_branding" time="0.036" /></testsuite></testsuites>