<?xml version="1.0" encoding="utf-8"?><testsuites name="pytest tests"><testsuite name="pytest" errors="0" failures="0" skipped="0" tests="13" time="3.302" timestamp="2026-01-25T18:42:31.079228+00:00" hostname="agent-env-6e411118-bec8-43f5-a988-e9573e3ed6c4"><testcase classname="backend.tests.test_payscribe_features.TestHealthAndBasics" name="test_health_endpoint" time="0.102" /><testcase classname="backend.tests.test_payscribe_features.TestAdminAuth" name="test_admin_login" time="0.269" /><testcase classname="backend.tests.test_payscribe_features.TestPageToggles" name="test_page_toggles_endpoint_exists" time="0.306" /><testcase classname="backend.tests.test_payscribe_features.TestPageToggles" name="test_page_toggles_has_bill_payment_services" time="0.304" /><testcase classname="backend.tests.test_payscribe_features.TestPageToggles" name="test_page_toggles_has_airtime_data" time="0.299" /><testcase classname="backend.tests.test_payscribe_features.TestPayscribeErrorHandling" name="test_data_plans_endpoint_error_handling" time="0.648" /><testcase classname="backend.tests.test_payscribe_features.TestPayscribePayoutWebhook" name="test_webhook_endpoint_exists" time="0.040" /><testcase classname="backend.tests.test_payscribe_features.TestPayscribePayoutWebhook" name="test_webhook_handles_success_event" time="0.046" /><testcase classname="backend.tests.test_payscribe_features.TestPayscribePayoutWebhook" name="test_webhook_handles_failed_event" time="0.044" /><testcase classname="backend.tests.test_payscribe_features.TestPayscribePayoutWebhook" name="test_webhook_missing_ref" time="0.038" /><testcase classname="backend.tests.test_payscribe_features.TestBillsPaymentEndpoints" name="test_banks_list_endpoint" time="0.302" /><testcase classname="backend.tests.test_payscribe_features.TestBillsPaymentEndpoints" name="test_tv_plans_endpoint" time="0.489" /><testcase classname="backend.tests.test_payscribe_features.TestAdminPricingConfig" name="test_admin_pricing_config_has_toggles" time="0.342" /></testsuite></testsuites>