<?xml version="1.0" encoding="utf-8"?><testsuites name="pytest tests"><testsuite name="pytest" errors="0" failures="0" skipped="1" tests="14" time="10.754" timestamp="2026-03-08T16:55:45.982463+00:00" hostname="agent-env-eeced11e-b13f-4c5f-b91f-ebfc0b4721cd"><testcase classname="tests.test_sms_service_names.TestSMSServiceNames" name="test_health_check" time="0.119" /><testcase classname="tests.test_sms_service_names.TestSMSServiceNames" name="test_tigersms_services_usa_returns_full_names" time="0.545" /><testcase classname="tests.test_sms_service_names.TestSMSServiceNames" name="test_tigersms_common_services_have_correct_names" time="0.131" /><testcase classname="tests.test_sms_service_names.TestSMSServiceNames" name="test_tigersms_countries_available" time="0.139" /><testcase classname="tests.test_sms_service_names.TestSMSServiceNames" name="test_smsbower_services_return_full_names" time="1.444"><skipped type="pytest.skip" message="SMS Bower returned no services for country 0">/app/backend/tests/test_sms_service_names.py:194: SMS Bower returned no services for country 0</skipped></testcase><testcase classname="tests.test_sms_service_names.TestSMSServiceNames" name="test_smsbower_countries_return_full_names" time="0.526" /><testcase classname="tests.test_sms_service_names.TestSMSServiceNames" name="test_smsbower_usa_services" time="0.174" /><testcase classname="tests.test_sms_service_names.TestSMSServiceNames" name="test_provider_status_endpoint" time="0.100" /><testcase classname="tests.test_sms_service_names.TestSMSServiceNames" name="test_5sim_services_available" time="0.970" /><testcase classname="tests.test_sms_service_names.TestSMSBowerSpecificAPIs" name="test_smsbower_with_refresh_fetches_from_api" time="2.680" /><testcase classname="tests.test_sms_service_names.TestSMSBowerSpecificAPIs" name="test_smsbower_services_with_country_and_refresh" time="1.453" /><testcase classname="tests.test_sms_service_names.TestTigerSMSServiceNameResolution" name="test_tigersms_whatsapp_has_correct_name" time="0.493" /><testcase classname="tests.test_sms_service_names.TestTigerSMSServiceNameResolution" name="test_tigersms_telegram_has_correct_name" time="0.139" /><testcase classname="tests.test_sms_service_names.TestTigerSMSServiceNameResolution" name="test_tigersms_returns_service_names_not_just_codes" time="1.771" /></testsuite></testsuites>