<?xml version="1.0" encoding="utf-8"?><testsuites name="pytest tests"><testsuite name="pytest" errors="0" failures="1" skipped="0" tests="17" time="6.989" timestamp="2026-01-25T19:39:56.899569+00:00" hostname="agent-env-6e411118-bec8-43f5-a988-e9573e3ed6c4"><testcase classname="backend.tests.test_pin_management.TestHealthAndAuth" name="test_health_endpoint" time="0.060" /><testcase classname="backend.tests.test_pin_management.TestHealthAndAuth" name="test_admin_login" time="0.261" /><testcase classname="backend.tests.test_pin_management.TestPINManagementEndpoints" name="test_pin_status_endpoint_exists" time="0.307" /><testcase classname="backend.tests.test_pin_management.TestPINManagementEndpoints" name="test_pin_set_endpoint_exists" time="0.521" /><testcase classname="backend.tests.test_pin_management.TestPINManagementEndpoints" name="test_pin_verify_endpoint_exists" time="0.525" /><testcase classname="backend.tests.test_pin_management.TestPINManagementEndpoints" name="test_pin_change_endpoint_exists" time="0.745" /><testcase classname="backend.tests.test_pin_management.TestPINManagementEndpoints" name="test_pin_reset_request_endpoint_exists" time="0.308" /><testcase classname="backend.tests.test_pin_management.TestPINManagementEndpoints" name="test_pin_reset_verify_endpoint_exists" time="0.345" /><testcase classname="backend.tests.test_pin_management.TestPINValidation" name="test_pin_must_be_4_digits" time="0.343"><failure message="AssertionError: assert ('4' in 'pin already set. use change pin instead.' or 'digit' in 'pin already set. use change pin instead.')&#10; +  where 'pin already set. use change pin instead.' = &lt;built-in method lower of str object at 0xfddd1eacd5f0&gt;()&#10; +    where &lt;built-in method lower of str object at 0xfddd1eacd5f0&gt; = 'PIN already set. Use change PIN instead.'.lower&#10; +      where 'PIN already set. Use change PIN instead.' = str('PIN already set. Use change PIN instead.')&#10; +        where 'PIN already set. Use change PIN instead.' = &lt;built-in method get of dict object at 0xfddd1ead5580&gt;('detail', '')&#10; +          where &lt;built-in method get of dict object at 0xfddd1ead5580&gt; = {'detail': 'PIN already set. Use change PIN instead.'}.get&#10; +  and   'pin already set. use change pin instead.' = &lt;built-in method lower of str object at 0xfddd1eacd5f0&gt;()&#10; +    where &lt;built-in method lower of str object at 0xfddd1eacd5f0&gt; = 'PIN already set. Use change PIN instead.'.lower&#10; +      where 'PIN already set. Use change PIN instead.' = str('PIN already set. Use change PIN instead.')&#10; +        where 'PIN already set. Use change PIN instead.' = &lt;built-in method get of dict object at 0xfddd1ead5580&gt;('detail', '')&#10; +          where &lt;built-in method get of dict object at 0xfddd1ead5580&gt; = {'detail': 'PIN already set. Use change PIN instead.'}.get">backend/tests/test_pin_management.py:150: in test_pin_must_be_4_digits
    assert "4" in str(data.get("detail", "")).lower() or "digit" in str(data.get("detail", "")).lower()
E   AssertionError: assert ('4' in 'pin already set. use change pin instead.' or 'digit' in 'pin already set. use change pin instead.')
E    +  where 'pin already set. use change pin instead.' = &lt;built-in method lower of str object at 0xfddd1eacd5f0&gt;()
E    +    where &lt;built-in method lower of str object at 0xfddd1eacd5f0&gt; = 'PIN already set. Use change PIN instead.'.lower
E    +      where 'PIN already set. Use change PIN instead.' = str('PIN already set. Use change PIN instead.')
E    +        where 'PIN already set. Use change PIN instead.' = &lt;built-in method get of dict object at 0xfddd1ead5580&gt;('detail', '')
E    +          where &lt;built-in method get of dict object at 0xfddd1ead5580&gt; = {'detail': 'PIN already set. Use change PIN instead.'}.get
E    +  and   'pin already set. use change pin instead.' = &lt;built-in method lower of str object at 0xfddd1eacd5f0&gt;()
E    +    where &lt;built-in method lower of str object at 0xfddd1eacd5f0&gt; = 'PIN already set. Use change PIN instead.'.lower
E    +      where 'PIN already set. Use change PIN instead.' = str('PIN already set. Use change PIN instead.')
E    +        where 'PIN already set. Use change PIN instead.' = &lt;built-in method get of dict object at 0xfddd1ead5580&gt;('detail', '')
E    +          where &lt;built-in method get of dict object at 0xfddd1ead5580&gt; = {'detail': 'PIN already set. Use change PIN instead.'}.get</failure></testcase><testcase classname="backend.tests.test_pin_management.TestPINValidation" name="test_pin_confirm_must_match" time="0.297" /><testcase classname="backend.tests.test_pin_management.TestBankEndpoints" name="test_banks_list_endpoint" time="0.564" /><testcase classname="backend.tests.test_pin_management.TestBankEndpoints" name="test_transfer_fee_endpoint" time="0.552" /><testcase classname="backend.tests.test_pin_management.TestBankEndpoints" name="test_validate_account_endpoint_exists" time="0.578" /><testcase classname="backend.tests.test_pin_management.TestBankEndpoints" name="test_bank_transfer_endpoint_exists" time="0.532" /><testcase classname="backend.tests.test_pin_management.TestProfileHasTransactionPin" name="test_profile_has_transaction_pin_field" time="0.318" /><testcase classname="backend.tests.test_pin_management.TestPINFlowIntegration" name="test_pin_status_matches_profile" time="0.335" /><testcase classname="backend.tests.test_pin_management.TestPINFlowIntegration" name="test_bank_transfer_requires_pin" time="0.295" /></testsuite></testsuites>